<?xml version="1.0" encoding="UTF-8"?>
<testng-results skipped="0" failed="0" ignored="0" total="1" passed="1">
  <reporter-output>
  </reporter-output>
  <suite name="Default suite" duration-ms="1737" started-at="2021-08-14T10:12:40Z" finished-at="2021-08-14T10:12:42Z">
    <groups>
    </groups>
    <test name="Default test" duration-ms="1737" started-at="2021-08-14T10:12:40Z" finished-at="2021-08-14T10:12:42Z">
      <class name="com.api.testScripts.FetchAllStudentTest">
        <test-method status="PASS" signature="configBaseURL()[pri:0, instance:com.api.testScripts.FetchAllStudentTest@55f3ddb1]" name="configBaseURL" is-config="true" duration-ms="595" started-at="2021-08-14T10:12:39Z" finished-at="2021-08-14T10:12:40Z">
          <reporter-output>
          </reporter-output>
        </test-method> <!-- configBaseURL -->
        <test-method status="PASS" signature="getAllStudent()[pri:0, instance:com.api.testScripts.FetchAllStudentTest@55f3ddb1]" name="getAllStudent" duration-ms="1711" started-at="2021-08-14T10:12:40Z" finished-at="2021-08-14T10:12:42Z">
          <reporter-output>
          </reporter-output>
        </test-method> <!-- getAllStudent -->
      </class> <!-- com.api.testScripts.FetchAllStudentTest -->
    </test> <!-- Default test -->
  </suite> <!-- Default suite -->
</testng-results>
