<?xml version="1.0" encoding="UTF-8"?>
<testng-results ignored="0" total="1" passed="1" failed="0" skipped="0">
  <reporter-output>
  </reporter-output>
  <suite started-at="2021-07-25T16:45:56 IST" name="Default suite" finished-at="2021-07-25T16:46:02 IST" duration-ms="5679">
    <groups>
    </groups>
    <test started-at="2021-07-25T16:45:56 IST" name="Default test" finished-at="2021-07-25T16:46:02 IST" duration-ms="5679">
      <class name="com.pratice.restAssured.DempPOSTThroughMap">
        <test-method signature="checkPostMap()[pri:0, instance:com.pratice.restAssured.DempPOSTThroughMap@1018bde2]" started-at="2021-07-25T16:45:56 IST" name="checkPostMap" finished-at="2021-07-25T16:46:02 IST" duration-ms="5565" status="PASS">
          <reporter-output>
          </reporter-output>
        </test-method> <!-- checkPostMap -->
      </class> <!-- com.pratice.restAssured.DempPOSTThroughMap -->
    </test> <!-- Default test -->
  </suite> <!-- Default suite -->
</testng-results>
